[21:01:11] This is prokka 1.14.6
[21:01:11] Written by Torsten Seemann <torsten.seemann@gmail.com>
[21:01:11] Homepage is https://github.com/tseemann/prokka
[21:01:11] Local time is Mon May 20 21:01:11 2024
[21:01:11] You are eh0402
[21:01:11] Operating system is linux
[21:01:11] You have BioPerl 1.7.8
[21:01:11] System has 8 cores.
[21:01:11] Will use maximum of 8 cores.
[21:01:11] Annotating as >>> Bacteria <<<
[21:01:11] Generating locus_tag from 'ABySSOutput/ypestis-8.fa' contents.
[21:01:11] Setting --locustag OBENKMEN from MD5 8be746e77608a6a9755da0603e22b818
[21:01:11] Creating new output folder: ProkkaAnnotation
[21:01:11] Running: mkdir -p ProkkaAnnotation
[21:01:11] Using filename prefix: ypestis.XXX
[21:01:11] Setting HMMER_NCPU=1
[21:01:11] Writing log to: ProkkaAnnotation/ypestis.log
[21:01:11] Command: /home/eh0402/miniforge-pypy3/envs/genomeassembly/bin/prokka --outdir ProkkaAnnotation --prefix ypestis ABySSOutput/ypestis-8.fa
[21:01:11] Appending to PATH: /home/eh0402/miniforge-pypy3/envs/genomeassembly/bin
[21:01:11] Looking for 'aragorn' - found /home/eh0402/miniforge-pypy3/envs/genomeassembly/bin/aragorn
[21:01:11] Determined aragorn version is 001002 from 'ARAGORN v1.2.41 Dean Laslett'
[21:01:11] Looking for 'barrnap' - found /home/eh0402/miniforge-pypy3/envs/genomeassembly/bin/barrnap
[21:01:11] Determined barrnap version is 000009 from 'barrnap 0.9'
[21:01:11] Looking for 'blastp' - found /home/eh0402/miniforge-pypy3/envs/genomeassembly/bin/blastp
[21:01:12] Determined blastp version is 002015 from 'blastp: 2.15.0+'
[21:01:12] Looking for 'cmpress' - found /home/eh0402/miniforge-pypy3/envs/genomeassembly/bin/cmpress
[21:01:12] Determined cmpress version is 001001 from '# INFERNAL 1.1.5 (Sep 2023)'
[21:01:12] Looking for 'cmscan' - found /home/eh0402/miniforge-pypy3/envs/genomeassembly/bin/cmscan
[21:01:12] Determined cmscan version is 001001 from '# INFERNAL 1.1.5 (Sep 2023)'
[21:01:12] Looking for 'egrep' - found /usr/bin/egrep
[21:01:12] Looking for 'find' - found /usr/bin/find
[21:01:12] Looking for 'grep' - found /usr/bin/grep
[21:01:12] Looking for 'hmmpress' - found /home/eh0402/miniforge-pypy3/envs/genomeassembly/bin/hmmpress
[21:01:12] Determined hmmpress version is 003004 from '# HMMER 3.4 (Aug 2023); http://hmmer.org/'
[21:01:12] Looking for 'hmmscan' - found /home/eh0402/miniforge-pypy3/envs/genomeassembly/bin/hmmscan
[21:01:12] Determined hmmscan version is 003004 from '# HMMER 3.4 (Aug 2023); http://hmmer.org/'
[21:01:12] Looking for 'java' - found /home/eh0402/miniforge-pypy3/envs/genomeassembly/bin/java
[21:01:12] Looking for 'makeblastdb' - found /home/eh0402/miniforge-pypy3/envs/genomeassembly/bin/makeblastdb
[21:01:12] Determined makeblastdb version is 002015 from 'makeblastdb: 2.15.0+'
[21:01:12] Looking for 'minced' - found /home/eh0402/miniforge-pypy3/envs/genomeassembly/bin/minced
[21:01:12] Determined minced version is 004002 from 'minced 0.4.2'
[21:01:12] Looking for 'parallel' - found /home/eh0402/miniforge-pypy3/envs/genomeassembly/bin/parallel
[21:01:12] Determined parallel version is 20240122 from 'GNU parallel 20240122'
[21:01:12] Looking for 'prodigal' - found /home/eh0402/miniforge-pypy3/envs/genomeassembly/bin/prodigal
[21:01:12] Determined prodigal version is 002006 from 'Prodigal V2.6.3: February, 2016'
[21:01:12] Looking for 'prokka-genbank_to_fasta_db' - found /home/eh0402/miniforge-pypy3/envs/genomeassembly/bin/prokka-genbank_to_fasta_db
[21:01:12] Looking for 'sed' - found /usr/bin/sed
[21:01:12] Looking for 'tbl2asn' - found /home/eh0402/miniforge-pypy3/envs/genomeassembly/bin/tbl2asn
[21:01:12] Determined tbl2asn version is 025007 from 'tbl2asn 25.7   arguments:'
[21:01:12] Using genetic code table 11.
[21:01:12] Loading and checking input file: ABySSOutput/ypestis-8.fa
[21:01:12] Wrote 1114 contigs totalling 4669048 bp.
[21:01:12] Predicting tRNAs and tmRNAs
[21:01:12] Running: aragorn -l -gc11  -w ProkkaAnnotation\/ypestis\.fna
[21:01:13] 1 tRNA-Phe c[716,791] 34 (gaa)
[21:01:13] 1 tRNA-Thr [489,564] 34 (tgt)
[21:01:13] 2 tRNA-Tyr [583,667] 35 (gta)
[21:01:13] 3 tRNA-Gly [817,891] 34 (tcc)
[21:01:13] 4 tRNA-Thr [898,973] 34 (ggt)
[21:01:13] 1 tRNA-Pro [2373,2449] 35 (tgg)
[21:01:13] 1 tRNA-Ala c[148,223] 34 (tgc)
[21:01:13] 2 tRNA-Ile c[275,351] 35 (gat)
[21:01:13] 1 tRNA-Thr c[5318,5393] 34 (ggt)
[21:01:13] 1 tRNA-Ile c[1321,1412] 38 (gat)
[21:01:13] 1 tRNA-Pro c[810,886] 35 (tgg)
[21:01:13] 2 tRNA-Leu c[962,1048] 35 (cag)
[21:01:13] 3 tRNA-His c[1065,1140] 34 (gtg)
[21:01:13] 4 tRNA-Arg c[1224,1300] 35 (ccg)
[21:01:13] 1 tRNA-Glu [189,264] 35 (ttc)
[21:01:13] 1 tRNA-Tyr [217,301] 35 (gta)
[21:01:13] 1 tRNA-Asn [18,93] 34 (gtt)
[21:01:13] 1 tRNA-Asn [16,91] 34 (gtt)
[21:01:13] 1 tRNA-Asp [56,132] 35 (gtc)
[21:01:13] 1 tRNA-Phe [24,99] 34 (gaa)
[21:01:13] 1 tRNA-Met c[11208,11284] 35 (cat)
[21:01:13] 2 tRNA-Met c[11408,11484] 35 (cat)
[21:01:13] 1 tRNA-Arg c[9386,9462] 35 (tct)
[21:01:13] 1 tRNA-Trp c[16432,16507] 34 (cca)
[21:01:13] 2 tRNA-Asp c[16516,16592] 35 (gtc)
[21:01:13] 1 tRNA-Thr c[8240,8315] 34 (tgt)
[21:01:13] 2 tRNA-Ser c[8321,8408] 35 (tga)
[21:01:13] 1 tRNA-Pro c[866,942] 35 (ggg)
[21:01:13] 1 tmRNA [11813,12176] 91,126 ANDENYALAA**
[21:01:13] 1 tRNA-Ser c[2827,2916] 35 (gga)
[21:01:13] 1 tRNA-Gly c[2264,2337] 33 (ccc)
[21:01:13] 1 tRNA-Val c[2586,2662] 35 (gac)
[21:01:13] 2 tRNA-Val c[2722,2798] 35 (gac)
[21:01:13] 1 tRNA-Asn [9379,9454] 34 (gtt)
[21:01:13] 1 tRNA-Asn c[4446,4521] 34 (gtt)
[21:01:13] 1 tRNA-Met [9149,9225] 35 (cat)
[21:01:13] 2 tRNA-Leu [9233,9317] 35 (tag)
[21:01:13] 3 tRNA-Gln [9347,9421] 33 (ttg)
[21:01:13] 4 tRNA-Gln [9505,9579] 33 (ttg)
[21:01:13] 5 tRNA-Met [9612,9688] 35 (cat)
[21:01:13] 6 tRNA-Gln [9694,9768] 33 (ctg)
[21:01:13] 1 tRNA-Met [18044,18120] 35 (cat)
[21:01:13] 1 tRNA-Leu [18198,18284] 35 (gag)
[21:01:13] 2 tRNA-Met [18345,18421] 35 (cat)
[21:01:13] 1 tRNA-Asn [6400,6475] 34 (gtt)
[21:01:13] 1 tRNA-Ser [4966,5055] 35 (gga)
[21:01:13] 1 tRNA-Phe [15,90] 34 (gaa)
[21:01:13] 1 tRNA-Arg c[3885,3961] 35 (acg)
[21:01:13] 2 tRNA-Arg c[4041,4117] 35 (acg)
[21:01:13] 3 tRNA-Arg c[4175,4251] 35 (acg)
[21:01:13] 4 tRNA-Ser c[4260,4352] 35 (gct)
[21:01:13] 1 tRNA-Phe [29351,29423] 34 (gaa)
[21:01:13] 1 tRNA-Lys c[9018,9093] 34 (ttt)
[21:01:13] 2 tRNA-Val c[9293,9368] 34 (tac)
[21:01:13] 3 tRNA-Val c[9413,9488] 34 (tac)
[21:01:13] 4 tRNA-Val c[9525,9600] 34 (tac)
[21:01:13] 1 tRNA-Asp c[2172,2248] 35 (gtc)
[21:01:13] 2 tRNA-Asp c[9539,9615] 35 (gtc)
[21:01:13] 1 tRNA-Arg c[16358,16432] 34 (cct)
[21:01:13] 1 tRNA-Leu c[10280,10366] 35 (cag)
[21:01:13] 1 tRNA-Lys [15221,15296] 34 (ttt)
[21:01:13] 2 tRNA-Lys [15324,15399] 34 (ttt)
[21:01:13] 1 tRNA-Gly c[19002,19077] 34 (gcc)
[21:01:13] 2 tRNA-Gly c[19169,19244] 34 (gcc)
[21:01:13] 1 tRNA-Lys [15244,15319] 34 (ctt)
[21:01:13] 2 tRNA-Gly [21768,21843] 34 (gcc)
[21:01:13] 3 tRNA-Cys [21896,21969] 33 (gca)
[21:01:13] 4 tRNA-Leu [21980,22065] 35 (taa)
[21:01:14] 1 tRNA-Leu c[128,212] 35 (caa)
[21:01:14] 1 tRNA-Ala c[9364,9439] 34 (ggc)
[21:01:14] 1 tRNA-Phe c[-1,72] 34 (gaa)
[21:01:14] 1 tRNA-SeC c[5158,5252] 35 (tca)
[21:01:14] 1 tRNA-Asn [6371,6446] 34 (gtt)
[21:01:14] 1 tRNA-Ser c[1017,1104] 35 (tga)
[21:01:14] Found 74 tRNAs
[21:01:14] Predicting Ribosomal RNAs
[21:01:14] Running Barrnap with 8 threads
[21:01:15] 1 1035 5165 5S ribosomal RNA
[21:01:15] 2 1035 5412 5S ribosomal RNA (partial)
[21:01:15] 3 1711 10 5S ribosomal RNA
[21:01:15] 4 1712 3 5S ribosomal RNA (partial)
[21:01:15] 5 2097 3 5S ribosomal RNA (partial)
[21:01:15] 6 4080 45 16S ribosomal RNA
[21:01:15] 7 4194 169 23S ribosomal RNA
[21:01:15] Found 7 rRNAs
[21:01:15] Skipping ncRNA search, enable with --rfam if desired.
[21:01:15] Total of 80 tRNA + rRNA features
[21:01:15] Searching for CRISPR repeats
[21:01:15] CRISPR1 590 4011 with 4 spacers
[21:01:15] CRISPR2 3716 7634 with 5 spacers
[21:01:15] CRISPR3 4092 7392 with 5 spacers
[21:01:15] Found 3 CRISPRs
[21:01:15] Predicting coding sequences
[21:01:15] Contigs total 4669048 bp, so using single mode
[21:01:15] Running: prodigal -i ProkkaAnnotation\/ypestis\.fna -c -m -g 11 -p single -f sco -q
[21:01:18] Excluding CDS which overlaps existing RNA (tRNA) at 781:2308..2493 on - strand
[21:01:18] Excluding CDS which overlaps existing RNA (tRNA) at 1456:664..999 on + strand
[21:01:18] Excluding CDS which overlaps existing RNA (tRNA) at 2150:159..302 on - strand
[21:01:18] Excluding CDS which overlaps existing RNA (tRNA) at 3755:433..954 on - strand
[21:01:19] Excluding CDS which overlaps existing RNA (tRNA) at 4064:18991..19146 on + strand
[21:01:19] Excluding CDS which overlaps existing RNA (repeat_region) at 4092:7219..7416 on + strand
[21:01:19] Found 4020 CDS
[21:01:19] Connecting features back to sequences
[21:01:19] Not using genus-specific database. Try --usegenus to enable it.
[21:01:19] Annotating CDS, please be patient.
[21:01:19] Will use 8 CPUs for similarity searching.
[21:01:20] There are still 4020 unannotated CDS left (started with 4020)
[21:01:20] Will use blast to search against /home/eh0402/miniforge-pypy3/envs/genomeassembly/db/kingdom/Bacteria/IS with 8 CPUs
[21:01:20] Running: cat ProkkaAnnotation\/ypestis\.IS\.tmp\.206609\.faa | parallel --gnu --plain -j 8 --block 78250 --recstart '>' --pipe blastp -query - -db /home/eh0402/miniforge-pypy3/envs/genomeassembly/db/kingdom/Bacteria/IS -evalue 1e-30 -qcov_hsp_perc 90 -num_threads 1 -num_descriptions 1 -num_alignments 1 -seg no > ProkkaAnnotation\/ypestis\.IS\.tmp\.206609\.blast 2> /dev/null
[21:01:31] Deleting unwanted file: ProkkaAnnotation/ypestis.IS.tmp.206609.faa
[21:01:31] Deleting unwanted file: ProkkaAnnotation/ypestis.IS.tmp.206609.blast
[21:01:32] There are still 4001 unannotated CDS left (started with 4020)
[21:01:32] Will use blast to search against /home/eh0402/miniforge-pypy3/envs/genomeassembly/db/kingdom/Bacteria/AMR with 8 CPUs
[21:01:32] Running: cat ProkkaAnnotation\/ypestis\.AMR\.tmp\.206609\.faa | parallel --gnu --plain -j 8 --block 78043 --recstart '>' --pipe blastp -query - -db /home/eh0402/miniforge-pypy3/envs/genomeassembly/db/kingdom/Bacteria/AMR -evalue 1e-300 -qcov_hsp_perc 90 -num_threads 1 -num_descriptions 1 -num_alignments 1 -seg no > ProkkaAnnotation\/ypestis\.AMR\.tmp\.206609\.blast 2> /dev/null
[21:01:41] Deleting unwanted file: ProkkaAnnotation/ypestis.AMR.tmp.206609.faa
[21:01:41] Deleting unwanted file: ProkkaAnnotation/ypestis.AMR.tmp.206609.blast
[21:01:42] There are still 4001 unannotated CDS left (started with 4020)
[21:01:42] Will use blast to search against /home/eh0402/miniforge-pypy3/envs/genomeassembly/db/kingdom/Bacteria/sprot with 8 CPUs
[21:01:42] Running: cat ProkkaAnnotation\/ypestis\.sprot\.tmp\.206609\.faa | parallel --gnu --plain -j 8 --block 78043 --recstart '>' --pipe blastp -query - -db /home/eh0402/miniforge-pypy3/envs/genomeassembly/db/kingdom/Bacteria/sprot -evalue 1e-09 -qcov_hsp_perc 80 -num_threads 1 -num_descriptions 1 -num_alignments 1 -seg no > ProkkaAnnotation\/ypestis\.sprot\.tmp\.206609\.blast 2> /dev/null
[21:02:34] Modify product: UPF0126 inner membrane protein YicG => hypothetical protein
[21:02:34] Modify product: UPF0701 protein YicC => hypothetical protein
[21:02:34] Modify product: UPF0053 inner membrane protein YfjD => hypothetical protein
[21:02:34] Modify product: Probable secretion system apparatus ATP synthase SsaN => putative secretion system apparatus ATP synthase SsaN
[21:02:34] Modify product: Uncharacterized protein HI_0431 => putative protein
[21:02:34] Modify product: UPF0265 protein YeeX => hypothetical protein
[21:02:34] Modify product: Stress response UPF0229 protein YhbH => hypothetical protein
[21:02:34] Modify product: UPF0208 membrane protein YfbV => hypothetical protein
[21:02:34] Modify product: UPF0304 protein YfbU => hypothetical protein
[21:02:34] Modify product: Probable manganese efflux pump MntP => putative manganese efflux pump MntP
[21:02:34] Modify product: UPF0266 membrane protein YobD => hypothetical protein
[21:02:34] Modify product: UPF0053 inner membrane protein YoaE => hypothetical protein
[21:02:34] Modify product: UPF0053 inner membrane protein YoaE => hypothetical protein
[21:02:34] Modify product: Probable transcriptional regulatory protein YebC => putative transcriptional regulatory protein YebC
[21:02:34] Modify product: Uncharacterized ABC transporter ATP-binding protein YknY => putative ABC transporter ATP-binding protein YknY
[21:02:34] Modify product: UPF0299 membrane protein YohJ => hypothetical protein
[21:02:34] Modify product: Uncharacterized ABC transporter ATP-binding protein YbiT => putative ABC transporter ATP-binding protein YbiT
[21:02:34] Modify product: UPF0394 inner membrane protein YedE => hypothetical protein
[21:02:35] Modify product: Uncharacterized sugar epimerase YhfK => putative sugar epimerase YhfK
[21:02:35] Modify product: UPF0250 protein YbeD => hypothetical protein
[21:02:35] Modify product: Uncharacterized protein YibN => putative protein YibN
[21:02:35] Modify product: Uncharacterized protein HI_0755 => putative protein
[21:02:35] Modify product: UPF0758 protein => hypothetical protein
[21:02:35] Modify product: Probable ATP-dependent DNA helicase YoaA => putative ATP-dependent DNA helicase YoaA
[21:02:35] Modify product: Cytochrome b561 homolog 1 => Cytochrome b561 
[21:02:35] Modify product: Putative lipoprotein NMB1126/NMB1164 => Putative lipoprotein/NMB1164
[21:02:35] Modify product: Putative lipoprotein NMB1124/NMB1162 => Putative lipoprotein/NMB1162
[21:02:35] Modify product: UPF0056 inner membrane protein MarC => hypothetical protein
[21:02:35] Modify product: UPF0382 inner membrane protein YgdD => hypothetical protein
[21:02:35] Modify product: Uncharacterized membrane protein YhdT => putative membrane protein YhdT
[21:02:35] Modify product: Urea transporter DVU1160 => Urea transporter
[21:02:35] Modify product: Probable membrane transporter protein YfcA => putative membrane transporter protein YfcA
[21:02:35] Modify product: Probable transport protein YifK => putative transport protein YifK
[21:02:35] Modify product: Probable ECA polymerase => putative ECA polymerase
[21:02:35] Modify product: Uncharacterized HTH-type transcriptional regulator YahB => putative HTH-type transcriptional regulator YahB
[21:02:35] Modify product: Probable lipoprotein YiaD => putative lipoprotein YiaD
[21:02:35] Modify product: UPF0263 protein YciU => hypothetical protein
[21:02:35] Modify product: Probable fimbrial chaperone YadV => putative fimbrial chaperone YadV
[21:02:35] Modify product: Cytochrome b561 homolog 2 => Cytochrome b561 
[21:02:35] Modify product: Uncharacterized protein YfeY => putative protein YfeY
[21:02:35] Modify product: Uncharacterized protein HI_0227 => putative protein
[21:02:35] Modify product: Uncharacterized HTH-type transcriptional regulator YbbH => putative HTH-type transcriptional regulator YbbH
[21:02:35] Modify product: Probable multidrug ABC transporter ATP-binding protein YbhF => putative multidrug ABC transporter ATP-binding protein YbhF
[21:02:35] Modify product: UPF0194 membrane protein YbhG => hypothetical protein
[21:02:35] Modify product: Probable 6-phospho-beta-glucosidase => putative 6-phospho-beta-glucosidase
[21:02:35] Modify product: Uncharacterized protein YcbX => putative protein YcbX
[21:02:35] Modify product: Uncharacterized acyl-CoA thioester hydrolase HI_0827 => putative acyl-CoA thioester hydrolase
[21:02:35] Modify product: Probable intracellular septation protein A => putative intracellular septation protein A
[21:02:35] Modify product: Probable sulfate transporter Rv1739c => putative sulfate transporter
[21:02:35] Modify product: UPF0259 membrane protein YciC => hypothetical protein
[21:02:35] Modify product: Uncharacterized protein YnbD => putative protein YnbD
[21:02:35] Modify product: Uncharacterized protein YnbC => putative protein YnbC
[21:02:35] Modify product: Bifunctional protein FolD => Bifunctional protein FolD protein
[21:02:35] Modify product: Uncharacterized protein YbcJ => putative protein YbcJ
[21:02:35] Modify product: UPF0178 protein YaiI => hypothetical protein
[21:02:35] Modify product: UPF0438 protein YifE => hypothetical protein
[21:02:35] Modify product: Uncharacterized protein YqjD => putative protein YqjD
[21:02:35] Modify product: Uncharacterized protein YbiB => putative protein YbiB
[21:02:35] Modify product: Probable transcriptional regulator PhnF => putative transcriptional regulator PhnF
[21:02:35] Modify product: Probable D,D-dipeptide transport system permease protein DdpC => putative D,D-dipeptide transport system permease protein DdpC
[21:02:35] Modify product: Probable D,D-dipeptide transport system permease protein DdpB => putative D,D-dipeptide transport system permease protein DdpB
[21:02:35] Modify product: UPF0227 protein YcfP => hypothetical protein
[21:02:35] Modify product: Shikimate dehydrogenase-like protein HI_0607 => Shikimate dehydrogenase-like protein
[21:02:35] Modify product: Uncharacterized symporter YodF => putative symporter YodF
[21:02:35] Modify product: UPF0231 protein YacL => hypothetical protein
[21:02:35] Modify product: Putative multidrug export ATP-binding/permease protein SAV1866 => Putative multidrug export ATP-binding/permease protein
[21:02:35] Modify product: UPF0434 protein YcaR => hypothetical protein
[21:02:35] Modify product: Uncharacterized protein Rv3292 => putative protein
[21:02:35] Modify product: Probable formate transporter 1 => putative formate transporter 1
[21:02:35] Modify product: Uncharacterized MFS-type transporter YcaD => putative MFS-type transporter YcaD
[21:02:35] Modify product: Probable deoxyribonuclease RhsB => putative deoxyribonuclease RhsB
[21:02:35] Modify product: Probable lipid II flippase MurJ => putative lipid II flippase MurJ
[21:02:35] Modify product: Uncharacterized lipoprotein YceB => putative lipoprotein YceB
[21:02:35] Modify product: Probable outer membrane usher protein ElfC => putative outer membrane usher protein ElfC
[21:02:35] Modify product: Probable acrylyl-CoA reductase AcuI => putative acrylyl-CoA reductase AcuI
[21:02:35] Modify product: UPF0102 protein RPA0323 => hypothetical protein
[21:02:35] Modify product: UPF0442 protein YjjB => hypothetical protein
[21:02:35] Modify product: UPF0176 protein YceA => hypothetical protein
[21:02:35] Modify product: Probable glycerol-3-phosphate acyltransferase => putative glycerol-3-phosphate acyltransferase
[21:02:35] Modify product: Probable peptidoglycan glycosyltransferase FtsW => putative peptidoglycan glycosyltransferase FtsW
[21:02:35] Modify product: UPF0149 protein HI_0817 => hypothetical protein
[21:02:35] Modify product: Uncharacterized inner membrane transporter YhbE => putative inner membrane transporter YhbE
[21:02:35] Modify product: Probable fimbrial chaperone YadV => putative fimbrial chaperone YadV
[21:02:35] Modify product: Putative multidrug export ATP-binding/permease protein SAV1866 => Putative multidrug export ATP-binding/permease protein
[21:02:35] Modify product: Uncharacterized protein YebV => putative protein YebV
[21:02:35] Modify product: Uncharacterized protein Rv2277c => putative protein
[21:02:35] Modify product: Uncharacterized sugar kinase YdjH => putative sugar kinase YdjH
[21:02:35] Modify product: Uncharacterized protein YciH => putative protein YciH
[21:02:35] Modify product: Probable protease SohB => putative protease SohB
[21:02:35] Modify product: Uncharacterized oxidoreductase YciK => putative oxidoreductase YciK
[21:02:35] Modify product: Uncharacterized protein YciO => putative protein YciO
[21:02:35] Modify product: Probable transport protein HsrA => putative transport protein HsrA
[21:02:35] Modify product: Uncharacterized protein YibL => putative protein YibL
[21:02:35] Modify product: UPF0716 protein FxsA => hypothetical protein
[21:02:35] Modify product: Probable D,D-dipeptide-binding periplasmic protein DdpA => putative D,D-dipeptide-binding periplasmic protein DdpA
[21:02:35] Modify product: UPF0307 protein YjgA => hypothetical protein
[21:02:35] Modify product: Uncharacterized protein YhcO => putative protein YhcO
[21:02:35] Modify product: Uncharacterized protein YcgM => putative protein YcgM
[21:02:35] Modify product: Uncharacterized protein Rv0906 => putative protein
[21:02:35] Modify product: UPF0352 protein YejL => hypothetical protein
[21:02:35] Modify product: UPF0125 protein RatB => hypothetical protein
[21:02:35] Modify product: Probable phosphatase YcdX => putative phosphatase YcdX
[21:02:35] Modify product: UPF0073 inner membrane protein YqfA => hypothetical protein
[21:02:35] Modify product: Probable glutamine ABC transporter permease protein GlnM => putative glutamine ABC transporter permease protein GlnM
[21:02:35] Modify product: Probable transporter SCO4007 => putative transporter
[21:02:35] Modify product: Uncharacterized tRNA/rRNA methyltransferase YfiF => putative tRNA/rRNA methyltransferase YfiF
[21:02:35] Modify product: Probable manganese efflux pump MntP => putative manganese efflux pump MntP
[21:02:35] Modify product: Probable ketoamine kinase HMPREF0351_12196 => putative ketoamine kinase
[21:02:35] Modify product: Uncharacterized protein YfgD => putative protein YfgD
[21:02:35] Modify product: Uncharacterized oxidoreductase SA2266 => putative oxidoreductase
[21:02:35] Modify product: Uncharacterized protein YcjY => putative protein YcjY
[21:02:35] Modify product: UPF0401 protein YkfF => hypothetical protein
[21:02:35] Modify product: Probable protein kinase UbiB => putative protein kinase UbiB
[21:02:35] Modify product: UPF0225 protein YchJ => hypothetical protein
[21:02:35] Modify product: Uncharacterized metal-dependent hydrolase YcfH => putative metal-dependent hydrolase YcfH
[21:02:35] Modify product: Probable ATP synthase YscN => putative ATP synthase YscN
[21:02:36] Modify product: Uncharacterized protein YbjN => putative protein YbjN
[21:02:36] Modify product: UPF0381 protein YiiS => hypothetical protein
[21:02:36] Modify product: Uncharacterized lipoprotein YbjP => putative lipoprotein YbjP
[21:02:36] Modify product: Uncharacterized metal-dependent hydrolase YjjV => putative metal-dependent hydrolase YjjV
[21:02:36] Modify product: Probable cation-transporting ATPase F => putative cation-transporting ATPase F
[21:02:36] Modify product: UPF0761 membrane protein YihY => hypothetical protein
[21:02:36] Modify product: Probable GTP-binding protein EngB => putative GTP-binding protein EngB
[21:02:36] Modify product: UPF0267 protein YqfB => hypothetical protein
[21:02:36] Modify product: UPF0283 membrane protein YcjF => hypothetical protein
[21:02:36] Modify product: Uncharacterized protein YcjX => putative protein YcjX
[21:02:36] Modify product: Probable fimbrial chaperone YadV => putative fimbrial chaperone YadV
[21:02:36] Modify product: UPF0053 inner membrane protein YtfL => hypothetical protein
[21:02:36] Modify product: Uncharacterized protein YtfJ => putative protein YtfJ
[21:02:36] Modify product: DNA-binding protein VF_0530 => DNA-binding protein
[21:02:36] Modify product: Uncharacterized protein PA3435 => putative protein
[21:02:36] Modify product: Uncharacterized protein YqcC => putative protein YqcC
[21:02:36] Modify product: Uncharacterized protein YqjD => putative protein YqjD
[21:02:36] Modify product: Uncharacterized methyltransferase YcgJ => putative methyltransferase YcgJ
[21:02:36] Modify product: Prophage tail fiber assembly protein homolog TfaE => Prophage tail fiber assembly protein TfaE
[21:02:36] Modify product: Probable [Fe-S]-dependent transcriptional repressor => putative [Fe-S]-dependent transcriptional repressor
[21:02:36] Modify product: Probable 6-phospho-beta-glucosidase => putative 6-phospho-beta-glucosidase
[21:02:36] Modify product: Probable inner membrane protein Smp => putative inner membrane protein Smp
[21:02:36] Modify product: Probable multidrug resistance ABC transporter ATP-binding/permease protein YheI => putative multidrug resistance ABC transporter ATP-binding/permease protein YheI
[21:02:36] Modify product: Probable L,D-transpeptidase YcbB => putative L,D-transpeptidase YcbB
[21:02:36] Modify product: GTP cyclohydrolase 1 type 2 homolog => GTP cyclohydrolase 1 type 2 
[21:02:36] Modify product: Uncharacterized protein YbiU => putative protein YbiU
[21:02:36] Modify product: Probable 4-deoxy-4-formamido-L-arabinose-phosphoundecaprenol deformylase ArnD => putative 4-deoxy-4-formamido-L-arabinose-phosphoundecaprenol deformylase ArnD
[21:02:36] Modify product: Probable 4-amino-4-deoxy-L-arabinose-phosphoundecaprenol flippase subunit ArnE => putative 4-amino-4-deoxy-L-arabinose-phosphoundecaprenol flippase subunit ArnE
[21:02:36] Modify product: Probable 4-amino-4-deoxy-L-arabinose-phosphoundecaprenol flippase subunit ArnF => putative 4-amino-4-deoxy-L-arabinose-phosphoundecaprenol flippase subunit ArnF
[21:02:36] Modify product: Uncharacterized protein HI_1163 => putative protein
[21:02:36] Modify product: Probable ATP-dependent transporter SufC => putative ATP-dependent transporter SufC
[21:02:36] Modify product: Probable L,D-transpeptidase YcfS => putative L,D-transpeptidase YcfS
[21:02:36] Modify product: Probable HTH-type transcriptional repressor ExuR => putative HTH-type transcriptional repressor ExuR
[21:02:36] Modify product: Probable efflux pump outer membrane protein TtgC => putative efflux pump outer membrane protein TtgC
[21:02:36] Modify product: Probable allantoin permease => putative allantoin permease
[21:02:36] Modify product: Uncharacterized protein YfgJ => putative protein YfgJ
[21:02:36] Modify product: UPF0070 protein HI_0370 => hypothetical protein
[21:02:36] Modify product: Uncharacterized oxidoreductase YdgJ => putative oxidoreductase YdgJ
[21:02:36] Modify product: UPF0056 inner membrane protein YhgN => hypothetical protein
[21:02:36] Modify product: Probable fructose-bisphosphate aldolase => putative fructose-bisphosphate aldolase
[21:02:36] Modify product: Uncharacterized protein HI_0933 => putative protein
[21:02:36] Modify product: 23S rRNA 5-hydroxycytidine C2501 synthase => 23S rRNA 5-hydroxycytidine synthase
[21:02:36] Modify product: UPF0339 protein SO_3888 => hypothetical protein
[21:02:36] Modify product: UPF0301 protein YqgE => hypothetical protein
[21:02:36] Modify product: Uncharacterized protein YggR => putative protein YggR
[21:02:36] Modify product: UPF0235 protein YggU => hypothetical protein
[21:02:36] Modify product: Uncharacterized protein YbfE => putative protein YbfE
[21:02:36] Modify product: UPF0253 protein YaeP => hypothetical protein
[21:02:36] Modify product: Uncharacterized protein YaeQ => putative protein YaeQ
[21:02:36] Modify product: Probable cyclic di-GMP phosphodiesterase PdeK => putative cyclic di-GMP phosphodiesterase PdeK
[21:02:36] Modify product: Probable tautomerase HP_0924 => putative tautomerase
[21:02:36] Modify product: Putative multidrug export ATP-binding/permease protein SAV1866 => Putative multidrug export ATP-binding/permease protein
[21:02:36] Modify product: Uncharacterized fimbrial-like protein YbgD => putative fimbrial-like protein YbgD
[21:02:36] Modify product: Uncharacterized protein YejG => putative protein YejG
[21:02:36] Modify product: Uncharacterized ABC transporter ATP-binding protein YejF => putative ABC transporter ATP-binding protein YejF
[21:02:36] Modify product: Probable phosphatase Rv3661 => putative phosphatase
[21:02:36] Modify product: Uncharacterized protein HI_1472 => putative protein
[21:02:36] Modify product: UPF0324 inner membrane protein YeiH => hypothetical protein
[21:02:36] Modify product: Solute-binding protein Csal_2479 => Solute-binding protein
[21:02:36] Modify product: Uncharacterized inner membrane transporter YedA => putative inner membrane transporter YedA
[21:02:36] Modify product: Uncharacterized protein YccU => putative protein YccU
[21:02:36] Modify product: UPF0319 protein HI_1681 => hypothetical protein
[21:02:36] Modify product: PGL/p-HBAD biosynthesis glycosyltransferase Rv2957 => PGL/p-HBAD biosynthesis glycosyltransferase
[21:02:36] Modify product: Uncharacterized MFS-type transporter YcaD => putative MFS-type transporter YcaD
[21:02:36] Modify product: UPF0126 inner membrane protein YadS => hypothetical protein
[21:02:36] Modify product: UPF0053 inner membrane protein YoaE => hypothetical protein
[21:02:36] Modify product: Probable siderophore transport system permease protein YfhA => putative siderophore transport system permease protein YfhA
[21:02:36] Modify product: Probable siderophore transport system permease protein YfiZ => putative siderophore transport system permease protein YfiZ
[21:02:36] Modify product: Uncharacterized protein YjbR => putative protein YjbR
[21:02:36] Modify product: Uncharacterized ABC transporter ATP-binding protein YadG => putative ABC transporter ATP-binding protein YadG
[21:02:36] Modify product: Uncharacterized protein Rv2277c => putative protein
[21:02:36] Modify product: UPF0255 protein VV1_0328 => hypothetical protein
[21:02:36] Modify product: Probable 3-phenylpropionic acid transporter => putative 3-phenylpropionic acid transporter
[21:02:36] Modify product: UPF0234 protein YajQ => hypothetical protein
[21:02:36] Modify product: Probable multidrug ABC transporter permease YbhR => putative multidrug ABC transporter permease YbhR
[21:02:36] Modify product: Probable multidrug ABC transporter permease YbhS => putative multidrug ABC transporter permease YbhS
[21:02:36] Modify product: Uncharacterized protease YhbU => putative protease YhbU
[21:02:36] Modify product: Probable fimbrial chaperone YadV => putative fimbrial chaperone YadV
[21:02:36] Modify product: Probable fimbrial chaperone YadV => putative fimbrial chaperone YadV
[21:02:36] Modify product: Probable FMN/FAD exporter YeeO => putative FMN/FAD exporter YeeO
[21:02:36] Modify product: Probable Fe(2+)-trafficking protein => putative Fe(2+)-trafficking protein
[21:02:36] Modify product: Uncharacterized protein HI_0341 => putative protein
[21:02:36] Modify product: Uncharacterized ABC transporter ATP-binding protein YheS => putative ABC transporter ATP-binding protein YheS
[21:02:36] Modify product: Uncharacterized ABC transporter ATP-binding protein YheS => putative ABC transporter ATP-binding protein YheS
[21:02:36] Modify product: UPF0270 protein PA3463 => hypothetical protein
[21:02:36] Modify product: Uncharacterized Nudix hydrolase YfcD => putative Nudix hydrolase YfcD
[21:02:36] Modify product: Epimerase family protein Rv2216 => Epimerase family protein
[21:02:37] Modify product: UPF0153 protein YeiW => hypothetical protein
[21:02:37] Modify product: Probable cyclic di-GMP phosphodiesterase PdeN => putative cyclic di-GMP phosphodiesterase PdeN
[21:02:37] Modify product: UPF0056 inner membrane protein MarC => hypothetical protein
[21:02:37] Cleaned 206 /product names
[21:02:37] Deleting unwanted file: ProkkaAnnotation/ypestis.sprot.tmp.206609.faa
[21:02:37] Deleting unwanted file: ProkkaAnnotation/ypestis.sprot.tmp.206609.blast
[21:02:37] There are still 1324 unannotated CDS left (started with 4020)
[21:02:37] Will use hmmer3 to search against /home/eh0402/miniforge-pypy3/envs/genomeassembly/db/hmm/HAMAP.hmm with 8 CPUs
[21:02:37] Running: cat ProkkaAnnotation\/ypestis\.HAMAP\.hmm\.tmp\.206609\.faa | parallel --gnu --plain -j 8 --block 21112 --recstart '>' --pipe hmmscan --noali --notextw --acc -E 1e-09 --cpu 1 /home/eh0402/miniforge-pypy3/envs/genomeassembly/db/hmm/HAMAP.hmm /dev/stdin > ProkkaAnnotation\/ypestis\.HAMAP\.hmm\.tmp\.206609\.hmmer3 2> /dev/null
[21:02:46] Modify product: Uncharacterized MFS-type transporter YcaD => putative MFS-type transporter YcaD
[21:02:46] Modify product: Uncharacterized MFS-type transporter YhhS => putative MFS-type transporter YhhS
[21:02:46] Modify product: Uncharacterized Nudix hydrolase NudL => putative Nudix hydrolase NudL
[21:02:46] Cleaned 3 /product names
[21:02:46] Deleting unwanted file: ProkkaAnnotation/ypestis.HAMAP.hmm.tmp.206609.faa
[21:02:46] Deleting unwanted file: ProkkaAnnotation/ypestis.HAMAP.hmm.tmp.206609.hmmer3
[21:02:46] Labelling remaining 1224 proteins as 'hypothetical protein'
[21:02:46] Possible /pseudo 'Anaerobic C4-dicarboxylate transporter DcuB' at 73 position 1660
[21:02:46] Possible /pseudo 'Anaerobic C4-dicarboxylate transporter DcuB' at 73 position 2040
[21:02:46] Possible /pseudo 'Cold shock-like protein CspG' at 257 position 640
[21:02:46] Possible /pseudo 'GDP-mannose 4,6-dehydratase' at 1520 position 530
[21:02:46] Possible /pseudo '3-oxoacyl-[acyl-carrier-protein] synthase 3' at 3705 position 8911
[21:02:46] Possible /pseudo 'Ribosome hibernation promoting factor' at 3735 position 13199
[21:02:46] Possible /pseudo 'Manganese transport system membrane protein MntB' at 3803 position 4138
[21:02:46] Possible /pseudo 'tRNA nuclease CdiA-2' at 3877 position 5693
[21:02:46] Possible /pseudo 'General stress protein 16U' at 3983 position 26135
[21:02:46] Possible /pseudo 'Flagellar biosynthesis protein FlhA' at 3988 position 9524
[21:02:46] Possible /pseudo 'Cystathionine gamma-synthase' at 3991 position 889
[21:02:46] Possible /pseudo 'HTH-type transcriptional repressor CytR' at 3991 position 7311
[21:02:46] Possible /pseudo 'Formate dehydrogenase-O major subunit' at 4012 position 13054
[21:02:46] Possible /pseudo 'Putative fluoride ion transporter CrcB' at 4024 position 34783
[21:02:46] Possible /pseudo 'Protein adenylyltransferase SelO' at 4028 position 10400
[21:02:46] Possible /pseudo 'Guanosine-5'-triphosphate,3'-diphosphate pyrophosphatase' at 4030 position 4812
[21:02:46] Possible /pseudo 'Ribose import permease protein RbsC' at 4049 position 7487
[21:02:46] Possible /pseudo 'N(2)-citryl-N(6)-acetyl-N(6)-hydroxylysine synthase' at 4060 position 9414
[21:02:46] Possible /pseudo 'Periplasmic nitrate reductase' at 4066 position 5793
[21:02:46] Possible /pseudo 'Maltodextrin phosphorylase' at 4071 position 5958
[21:02:46] Possible /pseudo 'Thymidine phosphorylase' at 4076 position 3613
[21:02:46] Possible /pseudo 'Energy-dependent translational throttle protein EttA' at 4076 position 13980
[21:02:46] Possible /pseudo 'Carnitine monooxygenase oxygenase subunit' at 4088 position 1462
[21:02:46] Possible /pseudo 'Chitobiase' at 4112 position 4869
[21:02:46] Possible /pseudo 'putative ABC transporter ATP-binding protein YheS' at 4137 position 4940
[21:02:46] Possible /pseudo 'Glycine betaine-binding protein YehZ' at 4140 position 10961
[21:02:46] Possible /pseudo 'Outer membrane usher protein PapC' at 4147 position 16595
[21:02:46] Possible /pseudo 'Phosphotransferase RcsD' at 4156 position 28064
[21:02:46] Possible /pseudo 'Protein UshA' at 4166 position 11394
[21:02:46] Possible /pseudo 'Protein UshA' at 4166 position 12179
[21:02:46] Possible /pseudo 'Phosphoadenosine phosphosulfate reductase' at 4173 position 27547
[21:02:46] Possible /pseudo 'UTP--glucose-1-phosphate uridylyltransferase' at 4175 position 19845
[21:02:46] Found 2337 unique /gene codes.
[21:02:46] Fixed 4 duplicate /gene - cytR_1 cytR_2 cytR_3 cytR_4
[21:02:46] Fixed 2 duplicate /gene - dnaK_1 dnaK_2
[21:02:46] Fixed 2 duplicate /gene - hexR_1 hexR_2
[21:02:46] Fixed 2 duplicate /gene - mntB_1 mntB_2
[21:02:46] Fixed 2 duplicate /gene - galR_1 galR_2
[21:02:46] Fixed 2 duplicate /gene - gmd_1 gmd_2
[21:02:46] Fixed 2 duplicate /gene - amiD_1 amiD_2
[21:02:46] Fixed 2 duplicate /gene - hlyD_1 hlyD_2
[21:02:46] Fixed 2 duplicate /gene - pdeH_1 pdeH_2
[21:02:46] Fixed 2 duplicate /gene - yihN_1 yihN_2
[21:02:46] Fixed 2 duplicate /gene - recA_1 recA_2
[21:02:46] Fixed 2 duplicate /gene - mepS_1 mepS_2
[21:02:46] Fixed 3 duplicate /gene - ssuC_1 ssuC_2 ssuC_3
[21:02:46] Fixed 2 duplicate /gene - cysK_1 cysK_2
[21:02:46] Fixed 2 duplicate /gene - pspB_1 pspB_2
[21:02:46] Fixed 2 duplicate /gene - msmX_1 msmX_2
[21:02:46] Fixed 2 duplicate /gene - fliG_1 fliG_2
[21:02:46] Fixed 3 duplicate /gene - dcuB_1 dcuB_2 dcuB_3
[21:02:46] Fixed 2 duplicate /gene - dmsB_1 dmsB_2
[21:02:46] Fixed 2 duplicate /gene - fruK_1 fruK_2
[21:02:46] Fixed 3 duplicate /gene - yadA_1 yadA_2 yadA_3
[21:02:46] Fixed 2 duplicate /gene - proP_1 proP_2
[21:02:46] Fixed 2 duplicate /gene - oleD_1 oleD_2
[21:02:46] Fixed 2 duplicate /gene - fdoG_1 fdoG_2
[21:02:46] Fixed 2 duplicate /gene - shlA_1 shlA_2
[21:02:46] Fixed 3 duplicate /gene - rhaS_1 rhaS_2 rhaS_3
[21:02:46] Fixed 2 duplicate /gene - oppD_1 oppD_2
[21:02:46] Fixed 2 duplicate /gene - cdiA2_1 cdiA2_2
[21:02:46] Fixed 12 duplicate /gene - rbsC_1 rbsC_2 rbsC_3 rbsC_4 rbsC_5 rbsC_6 rbsC_7 rbsC_8 rbsC_9 rbsC_10 rbsC_11 rbsC_12
[21:02:46] Fixed 3 duplicate /gene - manX_1 manX_2 manX_3
[21:02:46] Fixed 2 duplicate /gene - dppD_1 dppD_2
[21:02:46] Fixed 2 duplicate /gene - btuB_1 btuB_2
[21:02:46] Fixed 4 duplicate /gene - shlB_1 shlB_2 shlB_3 shlB_4
[21:02:46] Fixed 2 duplicate /gene - algC_1 algC_2
[21:02:46] Fixed 3 duplicate /gene - deoC_1 deoC_2 deoC_3
[21:02:46] Fixed 4 duplicate /gene - malK_1 malK_2 malK_3 malK_4
[21:02:46] Fixed 2 duplicate /gene - lsrD_1 lsrD_2
[21:02:46] Fixed 2 duplicate /gene - noc_1 noc_2
[21:02:46] Fixed 2 duplicate /gene - flgC_1 flgC_2
[21:02:46] Fixed 2 duplicate /gene - apxIB_1 apxIB_2
[21:02:46] Fixed 3 duplicate /gene - hdfR_1 hdfR_2 hdfR_3
[21:02:46] Fixed 4 duplicate /gene - iolG_1 iolG_2 iolG_3 iolG_4
[21:02:46] Fixed 2 duplicate /gene - rcsD_1 rcsD_2
[21:02:46] Fixed 4 duplicate /gene - araQ_1 araQ_2 araQ_3 araQ_4
[21:02:46] Fixed 3 duplicate /gene - acrB_1 acrB_2 acrB_3
[21:02:46] Fixed 2 duplicate /gene - phoP_1 phoP_2
[21:02:46] Fixed 2 duplicate /gene - flgH_1 flgH_2
[21:02:46] Fixed 2 duplicate /gene - chuR_1 chuR_2
[21:02:46] Fixed 2 duplicate /gene - rhaR_1 rhaR_2
[21:02:46] Fixed 4 duplicate /gene - intA_1 intA_2 intA_3 intA_4
[21:02:46] Fixed 2 duplicate /gene - ampG_1 ampG_2
[21:02:46] Fixed 2 duplicate /gene - btuF_1 btuF_2
[21:02:46] Fixed 2 duplicate /gene - selO_1 selO_2
[21:02:46] Fixed 2 duplicate /gene - hmuU_1 hmuU_2
[21:02:46] Fixed 2 duplicate /gene - araB_1 araB_2
[21:02:46] Fixed 2 duplicate /gene - wecF_1 wecF_2
[21:02:46] Fixed 2 duplicate /gene - roxA_1 roxA_2
[21:02:46] Fixed 2 duplicate /gene - ridA_1 ridA_2
[21:02:46] Fixed 2 duplicate /gene - flgB_1 flgB_2
[21:02:46] Fixed 3 duplicate /gene - flhA_1 flhA_2 flhA_3
[21:02:46] Fixed 5 duplicate /gene - htrE_1 htrE_2 htrE_3 htrE_4 htrE_5
[21:02:46] Fixed 2 duplicate /gene - flgL_1 flgL_2
[21:02:46] Fixed 3 duplicate /gene - livF_1 livF_2 livF_3
[21:02:46] Fixed 2 duplicate /gene - metN_1 metN_2
[21:02:46] Fixed 2 duplicate /gene - cspE_1 cspE_2
[21:02:46] Fixed 3 duplicate /gene - ushA_1 ushA_2 ushA_3
[21:02:46] Fixed 2 duplicate /gene - lutR_1 lutR_2
[21:02:46] Fixed 3 duplicate /gene - yceD_1 yceD_2 yceD_3
[21:02:46] Fixed 2 duplicate /gene - flhB_1 flhB_2
[21:02:46] Fixed 2 duplicate /gene - exuT_1 exuT_2
[21:02:46] Fixed 3 duplicate /gene - papC_1 papC_2 papC_3
[21:02:46] Fixed 2 duplicate /gene - bioD1_1 bioD1_2
[21:02:46] Fixed 2 duplicate /gene - aspT_1 aspT_2
[21:02:46] Fixed 2 duplicate /gene - yajL_1 yajL_2
[21:02:46] Fixed 2 duplicate /gene - fbaA_1 fbaA_2
[21:02:46] Fixed 2 duplicate /gene - flgG_1 flgG_2
[21:02:46] Fixed 2 duplicate /gene - kduD_1 kduD_2
[21:02:46] Fixed 2 duplicate /gene - fliY_1 fliY_2
[21:02:46] Fixed 2 duplicate /gene - ompA_1 ompA_2
[21:02:46] Fixed 2 duplicate /gene - tsr_1 tsr_2
[21:02:46] Fixed 2 duplicate /gene - iscS_1 iscS_2
[21:02:46] Fixed 2 duplicate /gene - pelW_1 pelW_2
[21:02:46] Fixed 2 duplicate /gene - esaI_1 esaI_2
[21:02:46] Fixed 2 duplicate /gene - benM_1 benM_2
[21:02:46] Fixed 2 duplicate /gene - tatA_1 tatA_2
[21:02:46] Fixed 2 duplicate /gene - flgF_1 flgF_2
[21:02:46] Fixed 2 duplicate /gene - ubiJ_1 ubiJ_2
[21:02:46] Fixed 2 duplicate /gene - rhtC_1 rhtC_2
[21:02:46] Fixed 2 duplicate /gene - rppH_1 rppH_2
[21:02:46] Fixed 2 duplicate /gene - lon_1 lon_2
[21:02:46] Fixed 2 duplicate /gene - spaP_1 spaP_2
[21:02:46] Fixed 2 duplicate /gene - lexA_1 lexA_2
[21:02:46] Fixed 2 duplicate /gene - dmsC_1 dmsC_2
[21:02:46] Fixed 2 duplicate /gene - yabJ_1 yabJ_2
[21:02:46] Fixed 3 duplicate /gene - sasA_1 sasA_2 sasA_3
[21:02:46] Fixed 2 duplicate /gene - lsrR_1 lsrR_2
[21:02:46] Fixed 2 duplicate /gene - gsiA_1 gsiA_2
[21:02:46] Fixed 4 duplicate /gene - rbsB_1 rbsB_2 rbsB_3 rbsB_4
[21:02:46] Fixed 4 duplicate /gene - pal_1 pal_2 pal_3 pal_4
[21:02:46] Fixed 2 duplicate /gene - metI_1 metI_2
[21:02:46] Fixed 2 duplicate /gene - deoA_1 deoA_2
[21:02:46] Fixed 3 duplicate /gene - malP_1 malP_2 malP_3
[21:02:46] Fixed 2 duplicate /gene - menE_1 menE_2
[21:02:46] Fixed 2 duplicate /gene - iucD_1 iucD_2
[21:02:46] Fixed 7 duplicate /gene - rbsA_1 rbsA_2 rbsA_3 rbsA_4 rbsA_5 rbsA_6 rbsA_7
[21:02:46] Fixed 2 duplicate /gene - esaR_1 esaR_2
[21:02:46] Fixed 2 duplicate /gene - btuC_1 btuC_2
[21:02:46] Fixed 3 duplicate /gene - crcB_1 crcB_2 crcB_3
[21:02:46] Fixed 2 duplicate /gene - fyuA_1 fyuA_2
[21:02:46] Fixed 2 duplicate /gene - pepT_1 pepT_2
[21:02:46] Fixed 2 duplicate /gene - dppC_1 dppC_2
[21:02:46] Fixed 2 duplicate /gene - iucB_1 iucB_2
[21:02:46] Fixed 2 duplicate /gene - napF_1 napF_2
[21:02:46] Fixed 2 duplicate /gene - yeaW_1 yeaW_2
[21:02:46] Fixed 2 duplicate /gene - hpf_1 hpf_2
[21:02:46] Fixed 2 duplicate /gene - fliE_1 fliE_2
[21:02:46] Fixed 2 duplicate /gene - nagK_1 nagK_2
[21:02:46] Fixed 2 duplicate /gene - iucA_1 iucA_2
[21:02:46] Fixed 2 duplicate /gene - rbsD_1 rbsD_2
[21:02:46] Fixed 2 duplicate /gene - dasC_1 dasC_2
[21:02:46] Fixed 2 duplicate /gene - nagR_1 nagR_2
[21:02:46] Fixed 2 duplicate /gene - bepA_1 bepA_2
[21:02:46] Fixed 3 duplicate /gene - srlR_1 srlR_2 srlR_3
[21:02:46] Fixed 2 duplicate /gene - ptsG_1 ptsG_2
[21:02:46] Fixed 2 duplicate /gene - ettA_1 ettA_2
[21:02:46] Fixed 2 duplicate /gene - menH_1 menH_2
[21:02:46] Fixed 2 duplicate /gene - lamB_1 lamB_2
[21:02:46] Fixed 2 duplicate /gene - tatD_1 tatD_2
[21:02:46] Fixed 5 duplicate /gene - clpV1_1 clpV1_2 clpV1_3 clpV1_4 clpV1_5
[21:02:46] Fixed 2 duplicate /gene - fepC_1 fepC_2
[21:02:46] Fixed 2 duplicate /gene - cstA_1 cstA_2
[21:02:46] Fixed 3 duplicate /gene - ail_1 ail_2 ail_3
[21:02:46] Fixed 2 duplicate /gene - pyrE_1 pyrE_2
[21:02:46] Fixed 2 duplicate /gene - proY_1 proY_2
[21:02:46] Fixed 2 duplicate /gene - appA_1 appA_2
[21:02:46] Fixed 2 duplicate /gene - topA_1 topA_2
[21:02:46] Fixed 3 duplicate /gene - fabF_1 fabF_2 fabF_3
[21:02:46] Fixed 2 duplicate /gene - amiC_1 amiC_2
[21:02:46] Fixed 5 duplicate /gene - yadV_1 yadV_2 yadV_3 yadV_4 yadV_5
[21:02:46] Fixed 2 duplicate /gene - tolQ_1 tolQ_2
[21:02:46] Fixed 2 duplicate /gene - xerC_1 xerC_2
[21:02:46] Fixed 2 duplicate /gene - fliR_1 fliR_2
[21:02:46] Fixed 2 duplicate /gene - pikAV_1 pikAV_2
[21:02:46] Fixed 2 duplicate /gene - manZ_1 manZ_2
[21:02:46] Fixed 2 duplicate /gene - caf1A_1 caf1A_2
[21:02:46] Fixed 2 duplicate /gene - eltD_1 eltD_2
[21:02:46] Fixed 3 duplicate /gene - fabG_1 fabG_2 fabG_3
[21:02:46] Fixed 2 duplicate /gene - intS_1 intS_2
[21:02:46] Fixed 2 duplicate /gene - napA_1 napA_2
[21:02:46] Fixed 2 duplicate /gene - cysA_1 cysA_2
[21:02:46] Fixed 2 duplicate /gene - gntK_1 gntK_2
[21:02:46] Fixed 2 duplicate /gene - glnH_1 glnH_2
[21:02:46] Fixed 3 duplicate /gene - gntR_1 gntR_2 gntR_3
[21:02:46] Fixed 2 duplicate /gene - caf1M_1 caf1M_2
[21:02:46] Fixed 4 duplicate /gene - rcsC_1 rcsC_2 rcsC_3 rcsC_4
[21:02:46] Fixed 2 duplicate /gene - cspC_1 cspC_2
[21:02:46] Fixed 2 duplicate /gene - lolD_1 lolD_2
[21:02:46] Fixed 2 duplicate /gene - lacF_1 lacF_2
[21:02:46] Fixed 2 duplicate /gene - tolB_1 tolB_2
[21:02:46] Fixed 2 duplicate /gene - metC_1 metC_2
[21:02:46] Fixed 2 duplicate /gene - spaQ_1 spaQ_2
[21:02:46] Fixed 2 duplicate /gene - arcB_1 arcB_2
[21:02:46] Fixed 2 duplicate /gene - cysG_1 cysG_2
[21:02:46] Fixed 2 duplicate /gene - asr_1 asr_2
[21:02:46] Fixed 2 duplicate /gene - fliI_1 fliI_2
[21:02:46] Fixed 2 duplicate /gene - gppA_1 gppA_2
[21:02:46] Fixed 5 duplicate /gene - hcpA_1 hcpA_2 hcpA_3 hcpA_4 hcpA_5
[21:02:46] Fixed 2 duplicate /gene - bhsA_1 bhsA_2
[21:02:46] Fixed 2 duplicate /gene - gntP_1 gntP_2
[21:02:46] Fixed 3 duplicate /gene - rob_1 rob_2 rob_3
[21:02:46] Fixed 2 duplicate /gene - menF_1 menF_2
[21:02:46] Fixed 2 duplicate /gene - araD_1 araD_2
[21:02:46] Fixed 2 duplicate /gene - mntP_1 mntP_2
[21:02:46] Fixed 2 duplicate /gene - dltA_1 dltA_2
[21:02:46] Fixed 2 duplicate /gene - xylB_1 xylB_2
[21:02:46] Fixed 7 duplicate /gene - dmlR_1 dmlR_2 dmlR_3 dmlR_4 dmlR_5 dmlR_6 dmlR_7
[21:02:46] Fixed 2 duplicate /gene - ftsE_1 ftsE_2
[21:02:46] Fixed 2 duplicate /gene - yecS_1 yecS_2
[21:02:46] Fixed 2 duplicate /gene - rpiA_1 rpiA_2
[21:02:46] Fixed 2 duplicate /gene - chb_1 chb_2
[21:02:46] Fixed 3 duplicate /gene - cspG_1 cspG_2 cspG_3
[21:02:46] Fixed 2 duplicate /gene - deoR_1 deoR_2
[21:02:46] Fixed 2 duplicate /gene - slyB_1 slyB_2
[21:02:46] Fixed 2 duplicate /gene - metQ_1 metQ_2
[21:02:46] Fixed 3 duplicate /gene - glnQ_1 glnQ_2 glnQ_3
[21:02:46] Fixed 2 duplicate /gene - lptB_1 lptB_2
[21:02:46] Fixed 3 duplicate /gene - fabH_1 fabH_2 fabH_3
[21:02:46] Fixed 2 duplicate /gene - yscU_1 yscU_2
[21:02:46] Fixed 2 duplicate /gene - yceC_1 yceC_2
[21:02:46] Fixed 2 duplicate /gene - gltJ_1 gltJ_2
[21:02:46] Fixed 2 duplicate /gene - fliP_1 fliP_2
[21:02:46] Fixed 2 duplicate /gene - mdtJ_1 mdtJ_2
[21:02:46] Fixed 2 duplicate /gene - papD_1 papD_2
[21:02:46] Fixed 2 duplicate /gene - rcsB_1 rcsB_2
[21:02:46] Fixed 2 duplicate /gene - macB_1 macB_2
[21:02:46] Fixed 5 duplicate /gene - ugpC_1 ugpC_2 ugpC_3 ugpC_4 ugpC_5
[21:02:46] Fixed 2 duplicate /gene - cysH_1 cysH_2
[21:02:46] Fixed 2 duplicate /gene - ogt_1 ogt_2
[21:02:46] Fixed 2 duplicate /gene - ydcV_1 ydcV_2
[21:02:46] Fixed 4 duplicate /gene - lsrB_1 lsrB_2 lsrB_3 lsrB_4
[21:02:46] Fixed 2 duplicate /gene - kdgM_1 kdgM_2
[21:02:46] Fixed 2 duplicate /gene - macA_1 macA_2
[21:02:46] Fixed 2 duplicate /gene - pncC_1 pncC_2
[21:02:46] Fixed 2 duplicate /gene - cybC_1 cybC_2
[21:02:46] Fixed 2 duplicate /gene - yehZ_1 yehZ_2
[21:02:46] Fixed 2 duplicate /gene - xylG_1 xylG_2
[21:02:46] Fixed 2 duplicate /gene - cirA_1 cirA_2
[21:02:46] Fixed 2 duplicate /gene - rbsK_1 rbsK_2
[21:02:46] Fixed 2 duplicate /gene - betB_1 betB_2
[21:02:46] Fixed 2 duplicate /gene - pstS_1 pstS_2
[21:02:46] Fixed 2 duplicate /gene - flgE_1 flgE_2
[21:02:46] Fixed 2 duplicate /gene - metB_1 metB_2
[21:02:46] Fixed 4 duplicate /gene - sctC_1 sctC_2 sctC_3 sctC_4
[21:02:46] Fixed 3 duplicate /gene - purR_1 purR_2 purR_3
[21:02:46] Fixed 3 duplicate /gene - iucC_1 iucC_2 iucC_3
[21:02:46] Fixed 3 duplicate /gene - ompR_1 ompR_2 ompR_3
[21:02:46] Fixed 4 duplicate /gene - mglA_1 mglA_2 mglA_3 mglA_4
[21:02:46] Fixed 3 duplicate /gene - ycaD_1 ycaD_2 ycaD_3
[21:02:46] Fixed 2 duplicate /gene - uhpB_1 uhpB_2
[21:02:46] Fixed 5 duplicate /gene - btuD_1 btuD_2 btuD_3 btuD_4 btuD_5
[21:02:46] Fixed 2 duplicate /gene - nemA_1 nemA_2
[21:02:46] Fixed 2 duplicate /gene - arnC_1 arnC_2
[21:02:46] Fixed 2 duplicate /gene - fhuC_1 fhuC_2
[21:02:46] Fixed 2 duplicate /gene - yheS_1 yheS_2
[21:02:46] Fixed 2 duplicate /gene - licH_1 licH_2
[21:02:46] Fixed 2 duplicate /gene - map_1 map_2
[21:02:46] Fixed 2 duplicate /gene - flgI_1 flgI_2
[21:02:46] Fixed 2 duplicate /gene - uhpA_1 uhpA_2
[21:02:46] Fixed 2 duplicate /gene - yqjD_1 yqjD_2
[21:02:46] Fixed 2 duplicate /gene - tufB_1 tufB_2
[21:02:46] Fixed 2 duplicate /gene - aroP_1 aroP_2
[21:02:46] Fixed 2 duplicate /gene - msbA_1 msbA_2
[21:02:46] Fixed 2 duplicate /gene - yabI_1 yabI_2
[21:02:46] Fixed 2 duplicate /gene - hcp1_1 hcp1_2
[21:02:46] Fixed 2 duplicate /gene - gstB_1 gstB_2
[21:02:46] Fixed 2 duplicate /gene - sgrR_1 sgrR_2
[21:02:46] Fixed 2 duplicate /gene - dmsD_1 dmsD_2
[21:02:46] Fixed 2 duplicate /gene - maeB_1 maeB_2
[21:02:46] Fixed 2 duplicate /gene - metF_1 metF_2
[21:02:46] Fixed 2 duplicate /gene - ptrA_1 ptrA_2
[21:02:46] Fixed 240 colliding /gene names.
[21:02:46] Adding /locus_tag identifiers
[21:02:46] Assigned 4101 locus_tags to CDS and RNA features.
[21:02:46] Writing outputs to ProkkaAnnotation/
[21:02:49] Generating annotation statistics file
[21:02:49] Generating Genbank and Sequin files
[21:02:49] Running: tbl2asn -V b -a r10k -l paired-ends -M n -N 1 -y 'Annotated using prokka 1.14.6 from https://github.com/tseemann/prokka' -Z ProkkaAnnotation\/ypestis\.err -i ProkkaAnnotation\/ypestis\.fsa 2> /dev/null
[21:02:56] Deleting unwanted file: ProkkaAnnotation/errorsummary.val
[21:02:56] Deleting unwanted file: ProkkaAnnotation/ypestis.dr
[21:02:56] Deleting unwanted file: ProkkaAnnotation/ypestis.fixedproducts
[21:02:56] Deleting unwanted file: ProkkaAnnotation/ypestis.ecn
[21:02:56] Deleting unwanted file: ProkkaAnnotation/ypestis.val
[21:02:56] Repairing broken .GBK output that tbl2asn produces...
[21:02:56] Running: sed 's/COORDINATES: profile/COORDINATES:profile/' < ProkkaAnnotation\/ypestis\.gbf > ProkkaAnnotation\/ypestis\.gbk
[21:02:57] Deleting unwanted file: ProkkaAnnotation/ypestis.gbf
[21:02:57] Output files:
[21:02:57] ProkkaAnnotation/ypestis.err
[21:02:57] ProkkaAnnotation/ypestis.faa
[21:02:57] ProkkaAnnotation/ypestis.ffn
[21:02:57] ProkkaAnnotation/ypestis.fna
[21:02:57] ProkkaAnnotation/ypestis.fsa
[21:02:57] ProkkaAnnotation/ypestis.gbk
[21:02:57] ProkkaAnnotation/ypestis.gff
[21:02:57] ProkkaAnnotation/ypestis.log
[21:02:57] ProkkaAnnotation/ypestis.sqn
[21:02:57] ProkkaAnnotation/ypestis.tbl
[21:02:57] ProkkaAnnotation/ypestis.tsv
[21:02:57] ProkkaAnnotation/ypestis.txt
[21:02:57] Annotation finished successfully.
[21:02:57] Walltime used: 1.77 minutes
[21:02:57] If you use this result please cite the Prokka paper:
[21:02:57] Seemann T (2014) Prokka: rapid prokaryotic genome annotation. Bioinformatics. 30(14):2068-9.
[21:02:57] Type 'prokka --citation' for more details.
[21:02:57] Thank you, come again.
